<?xml version="1.0" encoding="UTF-8"?>
<!-- Generated by org.testng.reporters.JUnitReportReporter -->
<testsuite hostname="DESKTOP-U3L816A" failures="0" tests="1" name="ExtendReportPackage.ExtendReportDemo" time="8.582" errors="0" timestamp="08 Sep 2023 12:38:10 GMT" skipped="0">
  <testcase classname="ExtendReportPackage.ExtendReportDemo" name="intialDemo" time="8.582"/>
</testsuite> <!-- ExtendReportPackage.ExtendReportDemo -->
