<?xml version="1.0" encoding="UTF-8"?>
<!-- Generated by org.testng.reporters.JUnitReportReporter -->
<testsuite hostname="DESKTOP-U3L816A" failures="0" tests="2" name="TestCasePackage.SubmitOrderTest" time="45.721" errors="0" timestamp="13 Sep 2023 08:24:06 GMT" skipped="0">
  <testcase classname="TestCasePackage.SubmitOrderTest" name="SubmitOrder" time="25.120"/>
  <testcase classname="TestCasePackage.SubmitOrderTest" name="SubmitOrder" time="20.601"/>
</testsuite> <!-- TestCasePackage.SubmitOrderTest -->
